<?xml version="1.0" encoding="UTF-8"?>
<testng-results ignored="0" total="6" passed="6" failed="0" skipped="0">
  <reporter-output>
  </reporter-output>
  <suite started-at="2023-03-07T19:04:30 IST" name="Suite" finished-at="2023-03-07T19:04:59 IST" duration-ms="28045">
    <groups>
    </groups>
    <test started-at="2023-03-07T19:04:30 IST" name="Test_chrome" finished-at="2023-03-07T19:04:46 IST" duration-ms="15060">
      <class name="XMLfile_parameterization.xml_filedemo">
        <test-method signature="setup(java.lang.String)[pri:1, instance:XMLfile_parameterization.xml_filedemo@4738a206]" started-at="2023-03-07T19:04:31 IST" name="setup" finished-at="2023-03-07T19:04:45 IST" duration-ms="14789" status="PASS">
          <params>
            <param index="0">
              <value>
                <![CDATA[Chrome]]>
              </value>
            </param>
          </params>
          <reporter-output>
          </reporter-output>
        </test-method> <!-- setup -->
        <test-method signature="closeApp()[pri:2, instance:XMLfile_parameterization.xml_filedemo@4738a206]" started-at="2023-03-07T19:04:45 IST" name="closeApp" finished-at="2023-03-07T19:04:46 IST" duration-ms="241" status="PASS">
          <reporter-output>
          </reporter-output>
        </test-method> <!-- closeApp -->
      </class> <!-- XMLfile_parameterization.xml_filedemo -->
    </test> <!-- Test_chrome -->
    <test started-at="2023-03-07T19:04:30 IST" name="Test_Edge" finished-at="2023-03-07T19:04:52 IST" duration-ms="21408">
      <class name="XMLfile_parameterization.xml_filedemo">
        <test-method signature="setup(java.lang.String)[pri:1, instance:XMLfile_parameterization.xml_filedemo@121314f7]" started-at="2023-03-07T19:04:31 IST" name="setup" finished-at="2023-03-07T19:04:52 IST" duration-ms="21108" status="PASS">
          <params>
            <param index="0">
              <value>
                <![CDATA[Edge]]>
              </value>
            </param>
          </params>
          <reporter-output>
          </reporter-output>
        </test-method> <!-- setup -->
        <test-method signature="closeApp()[pri:2, instance:XMLfile_parameterization.xml_filedemo@121314f7]" started-at="2023-03-07T19:04:52 IST" name="closeApp" finished-at="2023-03-07T19:04:52 IST" duration-ms="274" status="PASS">
          <reporter-output>
          </reporter-output>
        </test-method> <!-- closeApp -->
      </class> <!-- XMLfile_parameterization.xml_filedemo -->
    </test> <!-- Test_Edge -->
    <test started-at="2023-03-07T19:04:30 IST" name="Test_Firefox" finished-at="2023-03-07T19:04:59 IST" duration-ms="28045">
      <class name="XMLfile_parameterization.xml_filedemo">
        <test-method signature="setup(java.lang.String)[pri:1, instance:XMLfile_parameterization.xml_filedemo@2e3967ea]" started-at="2023-03-07T19:04:31 IST" name="setup" finished-at="2023-03-07T19:04:58 IST" duration-ms="27322" status="PASS">
          <params>
            <param index="0">
              <value>
                <![CDATA[Firefox]]>
              </value>
            </param>
          </params>
          <reporter-output>
          </reporter-output>
        </test-method> <!-- setup -->
        <test-method signature="closeApp()[pri:2, instance:XMLfile_parameterization.xml_filedemo@2e3967ea]" started-at="2023-03-07T19:04:58 IST" name="closeApp" finished-at="2023-03-07T19:04:59 IST" duration-ms="696" status="PASS">
          <reporter-output>
          </reporter-output>
        </test-method> <!-- closeApp -->
      </class> <!-- XMLfile_parameterization.xml_filedemo -->
    </test> <!-- Test_Firefox -->
  </suite> <!-- Suite -->
</testng-results>
